<?xml version="1.0" encoding="UTF-8"?>
<!-- Generated by org.testng.reporters.JUnitXMLReporter -->
<testsuite ignored="0" hostname="LAPTOP-RNK5APDU" failures="0" tests="8" name="Test" time="206.885" errors="0" timestamp="2023-04-17T00:04:05 IST">
  <testcase classname="guvi.TestScenarios.SignupTest" name="Signup" time="7.565"/>
  <testcase classname="guvi.TestScenarios.LoginTest" name="LoginwithInValidCredentials" time="1.823"/>
  <testcase classname="guvi.TestScenarios.LoginTest" name="LoginwithValidCredentials" time="5.818"/>
  <testcase classname="guvi.TestScenarios.BookFlightOnewayTripTest" name="bookFlightforOneWay" time="53.517"/>
  <testcase classname="guvi.TestScenarios.BookFlightTwowayTripTest" name="selectFlightforBoarding" time="58.106"/>
  <testcase classname="guvi.TestScenarios.ValidateCheckInTest" name="CheckInValidation" time="2.472"/>
  <testcase classname="guvi.TestScenarios.ValidateFlightStatusTest" name="FlightStatusValidation" time="4.657"/>
  <testcase classname="guvi.TestScenarios.ValidateManageBookingTest" name="ManageBookingValidation" time="2.173"/>
</testsuite> <!-- Test -->
